
Fichier 'LST' issue du fichier 'ASM' : 
/home/majdikali/Desktop/ENAC/SITA23/SITA23/SPP/td3.asm

-------------------------------------------------------------------------------------
| Adresse  |  Code  |  Ligne |       Label          |     Instruction      |  Type  |
-------------------------------------------------------------------------------------
|   0000   |  A213  |     3  |                      | jmp debut            | I      |
|   0001   |  FFFF  |        |                      | FFFF                 | D      |
|   0002   |  FFFF  |        |                      | FFFF                 | D      |
|   0003   |  FFFF  |        |                      | FFFF                 | D      |
|   0004   |  FFFF  |        |                      | FFFF                 | D      |
|   0005   |  FFFF  |        |                      | FFFF                 | D      |
|   0006   |  FFFF  |        |                      | FFFF                 | D      |
|   0007   |  FFFF  |        |                      | FFFF                 | D      |
|   0008   |  FFFF  |        |               nombre | FFFF                 | D      |
|   0009   |  0004  |        |                 mult | 0004                 | D      |
|   000A   |  FFFF  |        |             resultat | FFFF                 | D      |
|   000B   |  FFFF  |        |                      | FFFF                 | D      |
|   000C   |  FFFF  |        |                      | FFFF                 | D      |
|   000D   |  FFFF  |        |                      | FFFF                 | D      |
|   000E   |  FFFF  |        |                      | FFFF                 | D      |
|   000F   |  FFFF  |        |                      | FFFF                 | D      |
|   0010   |  FFFF  |        |                      | FFFF                 | D      |
|   0011   |  FFFF  |        |                      | FFFF                 | D      |
|   0012   |  FFFF  |        |                      | FFFF                 | D      |
|   0013   |  FFFF  |        |                      | FFFF                 | D      |
|   0014   |  B001  |    12  |                debut | ldr r0, 1            | I      |
|   0015   |  5FF3  |    13  |                      | str [0xFF3], r0      | I      |
|   0016   |  1FF0  |    14  |                      | ldr r1,[0xFF0]       | I      |
|   0017   |  6008  |    15  |                      | str [nombre], r1     | I      |
|   0018   |  B000  |    16  |                      | ldr r0, 0            | I      |
|   0019   |  1008  |    17  |                      | ldr r1, [nombre]     | I      |
|   001A   |  2009  |    18  |                      | ldr r2, [mult]       | I      |
|   001B   |  E010  |    19  |               boucle | add r0, r1r0         | I      |
|   001C   |  FE22  |    21  |                      | dec r2               | I      |
|   001D   |  ACFD  |    23  |                      | jnz boucle           | I      |
|   001E   |  500A  |    25  |                      | str [resultat], r0   | I      |
|   001F   |  000A  |    27  |                      | ldr r0, [resultat]   | I      |
|   0020   |  5FF2  |    28  |                      | str [0xFF2], r0      | I      |
|   0021   |  A1F2  |    29  |                      | jmp debut            | I      |
|   0022   |  FEAC  |    30  |                  fin | hlt                  | I      |
-------------------------------------------------------------------------------------

Table des Etiquettes :
----------------------
nombre               --> 0x0008
mult                 --> 0x0009
resultat             --> 0x000A
debut                --> 0x0014
boucle               --> 0x001B
fin                  --> 0x0022

Table des Symboles :
--------------------
val_debut            --> 0

Informations de creation issues de la compilation :
----------------------------------------------------
IP_Address                 :10.1.127.48
Host_Name                  :Majdikali
TAG_UID pour fichier 'asm' :b5efdc46a866f076561053b2d91418018974a30d35dffa11620572837b290bf4--date :Wed, 25 Sep 2024 09:19:14.5271335--taille :715
TAG_UID pour fichier 'sim' :14118332adccdc4b24b4363475afa0131ccbabd6687d6759c8bda6ccd17992b8--date :Wed, 25 Sep 2024 09:19:18.275104--taille :174
TAG_UID pour fichier 'lst' :273e2de5f5c76b7517f6d98c6b6a110237136996e6c44e3b6c1fc8af698386a5--date :Wed, 25 Sep 2024 09:19:18.275104--taille :3759
----------------------------------------------------
